TN:
SF:contracts/collective/Collective.sol
FN:174,Collective.initialize
FNDA:275,Collective.initialize
DA:178,275
DA:185,275
DA:188,275
DA:192,275
DA:194,275
FN:198,Collective.getDistributionShareOf
FNDA:36,Collective.getDistributionShareOf
DA:199,36
FN:202,Collective.getTotalVotingPowerOfCollective
FNDA:6,Collective.getTotalVotingPowerOfCollective
DA:203,6
FN:206,Collective.getGovernanceValues
FNDA:259,Collective.getGovernanceValues
DA:207,259
FN:210,Collective.getClaimableAmountOfContributor
FNDA:10,Collective.getClaimableAmountOfContributor
DA:211,10
DA:213,10
DA:219,10
BRDA:219,0,0,5
BRDA:219,0,1,5
DA:220,5
DA:221,5
DA:226,5
BRDA:226,1,0,5
BRDA:226,1,1,-
DA:227,3
DA:229,2
FN:240,Collective.createDistributionAndClaim
FNDA:14,Collective.createDistributionAndClaim
DA:246,14
DA:247,14
BRDA:247,2,0,12
BRDA:247,2,1,2
DA:248,2
DA:252,12
DA:258,12
BRDA:258,3,0,5
BRDA:258,3,1,1
DA:260,6
DA:261,6
BRDA:261,4,0,5
BRDA:261,4,1,1
DA:262,1
DA:264,5
DA:267,6
BRDA:267,5,0,6
BRDA:267,5,1,-
DA:268,2
DA:271,5
FN:275,Collective.executeProposalListToOpensea
FNDA:0,Collective.executeProposalListToOpensea
DA:279,0
BRDA:279,6,0,-
BRDA:279,6,1,-
DA:280,0
DA:284,0
BRDA:284,7,0,-
BRDA:284,7,1,-
DA:285,0
DA:290,0
BRDA:290,8,0,-
BRDA:290,8,1,-
DA:291,0
DA:295,0
DA:296,0
BRDA:296,9,0,-
BRDA:296,9,1,-
DA:306,0
DA:307,0
DA:308,0
DA:309,0
DA:314,0
DA:323,0
BRDA:323,10,0,-
BRDA:323,10,1,-
DA:325,0
DA:327,0
DA:328,0
DA:329,0
DA:330,0
DA:331,0
DA:332,0
DA:333,0
DA:334,0
DA:337,0
DA:338,0
DA:339,0
DA:341,0
DA:343,0
DA:344,0
DA:345,0
DA:346,0
DA:347,0
DA:348,0
DA:351,0
DA:353,0
DA:354,0
DA:355,0
DA:356,0
DA:357,0
DA:358,0
DA:359,0
DA:360,0
DA:361,0
DA:362,0
DA:363,0
DA:364,0
DA:365,0
DA:368,0
DA:369,0
DA:370,0
BRDA:370,11,0,-
BRDA:370,11,1,-
DA:372,0
DA:375,0
BRDA:375,12,0,-
BRDA:375,12,1,-
DA:377,0
DA:379,0
FN:391,Collective.executeProposalUpdateGovernanceValues
FNDA:0,Collective.executeProposalUpdateGovernanceValues
DA:393,0
DA:397,0
BRDA:397,13,0,-
BRDA:397,13,1,-
DA:399,0
DA:400,0
DA:401,0
FN:406,Collective.executeProposalArbitraryCalls
FNDA:0,Collective.executeProposalArbitraryCalls
DA:413,0
BRDA:413,14,0,-
BRDA:413,14,1,-
DA:414,0
DA:419,0
DA:422,0
DA:426,0
BRDA:426,15,0,-
BRDA:426,15,1,-
DA:428,0
DA:430,0
DA:432,0
DA:436,0
DA:439,0
BRDA:439,16,0,-
BRDA:439,16,1,-
DA:440,0
BRDA:440,17,0,-
BRDA:440,17,1,-
DA:441,0
FN:447,Collective._getMemberSupplyOfCollective
FNDA:11,Collective._getMemberSupplyOfCollective
DA:448,11
FN:452,Collective._hash
FNDA:0,Collective._hash
DA:462,0
FN:481,Collective._hashArbitraryCalls
FNDA:0,Collective._hashArbitraryCalls
DA:486,0
FN:500,Collective._hashGovernanceValues
FNDA:0,Collective._hashGovernanceValues
DA:505,0
FN:523,Collective._createDistribution
FNDA:5,Collective._createDistribution
DA:531,5
DA:533,5
BRDA:533,18,0,5
BRDA:533,18,1,-
DA:534,5
FN:559,Collective._getOrderHash
FNDA:0,Collective._getOrderHash
DA:563,0
DA:564,0
DA:565,0
DA:567,0
DA:569,0
DA:571,0
DA:572,0
FN:575,Collective._setPreciousNFT
FNDA:275,Collective._setPreciousNFT
DA:579,275
FN:582,Collective._hashPreciousNFT
FNDA:275,Collective._hashPreciousNFT
DA:586,275
FN:590,Collective._isPreciousListCorrect
FNDA:0,Collective._isPreciousListCorrect
DA:594,0
FN:598,Collective._getHasPrecious
FNDA:0,Collective._getHasPrecious
DA:602,0
FN:605,Collective._executeSingleArbitraryCall
FNDA:0,Collective._executeSingleArbitraryCall
DA:609,0
DA:611,0
BRDA:611,19,0,-
BRDA:611,19,1,-
DA:612,0
DA:615,0
DA:616,0
BRDA:616,20,0,-
BRDA:616,20,1,-
DA:618,0
DA:623,0
BRDA:623,21,0,-
BRDA:623,21,1,-
DA:624,0
DA:625,0
BRDA:625,22,0,-
BRDA:625,22,1,-
DA:626,0
FNF:20
FNH:10
LF:127
LH:34
BRF:46
BRH:11
end_of_record
TN:
SF:contracts/collective/CollectiveFactory.sol
FN:24,CollectiveFactory.createCollective
FNDA:272,CollectiveFactory.createCollective
DA:32,272
DA:39,272
DA:47,272
FNF:1
FNH:1
LF:3
LH:3
BRF:0
BRH:0
end_of_record
TN:
SF:contracts/collective/distribution/Distributor.sol
FN:66,Distributor.createNativeDistribution
FNDA:7,Distributor.createNativeDistribution
DA:69,7
BRDA:69,0,0,6
BRDA:69,0,1,1
DA:70,1
DA:72,6
FN:83,Distributor.claim
FNDA:12,Distributor.claim
DA:88,12
BRDA:88,1,0,11
BRDA:88,1,1,1
DA:89,1
DA:93,11
DA:94,11
BRDA:94,2,0,10
BRDA:94,2,1,1
DA:95,1
DA:98,10
BRDA:98,3,0,9
BRDA:98,3,1,1
DA:99,1
DA:102,9
DA:105,9
DA:109,9
DA:110,9
DA:113,0
DA:116,9
DA:117,9
FN:126,Distributor.getClaimAmount
FNDA:11,Distributor.getClaimAmount
DA:130,11
DA:131,11
DA:134,11
DA:136,11
FN:141,Distributor.batchClaim
FNDA:6,Distributor.batchClaim
DA:144,6
DA:145,6
DA:146,7
FN:151,Distributor.getClaimAmountOfContributorFromCollectives
FNDA:3,Distributor.getClaimAmountOfContributorFromCollectives
DA:155,3
DA:156,3
DA:157,4
DA:158,4
FN:163,Distributor.hasCollectiveContributorClaimed
FNDA:11,Distributor.hasCollectiveContributorClaimed
DA:168,11
FN:172,Distributor.getRemainingMemberSupply
FNDA:2,Distributor.getRemainingMemberSupply
DA:176,2
FN:179,Distributor._createDistribution
FNDA:6,Distributor._createDistribution
DA:182,6
DA:184,6
DA:185,6
DA:188,6
BRDA:188,4,0,5
BRDA:188,4,1,1
DA:189,1
DA:192,5
DA:195,5
DA:203,5
FN:210,Distributor._transfer
FNDA:9,Distributor._transfer
DA:215,9
DA:217,9
DA:227,9
DA:228,9
BRDA:228,5,0,9
BRDA:228,5,1,9
DA:229,9
DA:235,9
FN:238,Distributor._getDistributionHash
FNDA:16,Distributor._getDistributionHash
DA:242,0
FN:246,Distributor._getBalanceId
FNDA:15,Distributor._getBalanceId
DA:249,15
BRDA:249,6,0,-
BRDA:249,6,1,15
DA:250,15
FNF:11
FNH:11
LF:47
LH:45
BRF:14
BRH:13
end_of_record
TN:
SF:contracts/crowdfund/CollectionNFTCrowdfund.sol
FN:51,CollectionNFTCrowdfund.initialize
FNDA:1566,CollectionNFTCrowdfund.initialize
DA:52,1566
DA:53,1566
DA:54,1566
DA:65,1566
FN:74,CollectionNFTCrowdfund.buy
FNDA:18,CollectionNFTCrowdfund.buy
DA:81,18
DA:83,17
BRDA:83,0,0,14
BRDA:83,0,1,3
DA:84,3
DA:87,14
BRDA:87,1,0,12
BRDA:87,1,1,2
DA:88,2
DA:91,12
DA:96,12
DA:97,12
BRDA:97,2,0,11
BRDA:97,2,1,1
DA:98,1
DA:102,11
DA:103,11
DA:104,11
FN:114,CollectionNFTCrowdfund.getCrowdfundLifecycle
FNDA:786,CollectionNFTCrowdfund.getCrowdfundLifecycle
DA:116,786
BRDA:116,3,0,43
BRDA:116,3,1,1
DA:117,44
DA:118,44
DA:122,742
BRDA:122,4,0,736
BRDA:122,4,1,6
DA:125,6
DA:127,736
FN:131,CollectionNFTCrowdfund.isEligibleToBuyNFT
FNDA:30,CollectionNFTCrowdfund.isEligibleToBuyNFT
DA:132,30
BRDA:132,5,0,23
BRDA:132,5,1,7
DA:133,23
DA:135,7
BRDA:135,6,0,1
BRDA:135,6,1,6
DA:136,1
DA:138,6
FN:142,CollectionNFTCrowdfund._isCallAllowed
FNDA:17,CollectionNFTCrowdfund._isCallAllowed
DA:147,17
BRDA:147,7,0,15
BRDA:147,7,1,2
DA:148,2
DA:150,15
BRDA:150,8,0,-
BRDA:150,8,1,1
DA:152,1
DA:154,0
DA:161,1
DA:162,1
BRDA:160,9,0,-
BRDA:160,9,1,1
DA:164,1
DA:168,14
FN:172,CollectionNFTCrowdfund._buyFromOpensea
FNDA:11,CollectionNFTCrowdfund._buyFromOpensea
DA:181,11
BRDA:181,10,0,10
BRDA:181,10,1,1
DA:182,11
DA:183,11
BRDA:183,11,0,10
BRDA:183,11,1,1
DA:184,1
DA:188,10
BRDA:188,12,0,9
BRDA:188,12,1,-
DA:191,9
DA:193,9
DA:194,9
DA:195,9
DA:206,9
DA:209,1
FN:214,CollectionNFTCrowdfund._getFinalPrice
FNDA:51,CollectionNFTCrowdfund._getFinalPrice
DA:215,51
FN:218,CollectionNFTCrowdfund._assertIsHost
FNDA:18,CollectionNFTCrowdfund._assertIsHost
DA:221,18
BRDA:221,13,0,17
BRDA:221,13,1,1
DA:222,1
DA:224,17
FNF:8
FNH:8
LF:51
LH:50
BRF:28
BRH:25
end_of_record
TN:
SF:contracts/crowdfund/CollectiveCrowdfund.sol
FN:67,CollectiveCrowdfund._initialize
FNDA:1849,CollectiveCrowdfund._initialize
DA:70,1849
BRDA:70,0,0,1337
BRDA:70,0,1,512
DA:71,512
DA:76,1337
DA:77,1081
DA:78,825
BRDA:76,1,0,569
BRDA:76,1,1,768
DA:79,768
DA:81,569
DA:82,569
DA:83,569
DA:84,569
DA:87,569
FN:101,CollectiveCrowdfund.contribute
FNDA:200,CollectiveCrowdfund.contribute
DA:102,200
FN:111,CollectiveCrowdfund.acceptContributionFromCollective
FNDA:9,CollectiveCrowdfund.acceptContributionFromCollective
DA:113,9
DA:114,9
BRDA:114,2,0,9
BRDA:114,2,1,-
DA:115,1
DA:117,8
FN:133,CollectiveCrowdfund.getContributorInfo
FNDA:642,CollectiveCrowdfund.getContributorInfo
DA:140,642
DA:141,642
BRDA:141,3,0,66
BRDA:141,3,1,12
DA:142,66
DA:143,66
DA:144,66
DA:145,66
BRDA:145,4,0,66
BRDA:145,4,1,12
DA:146,12
DA:148,66
DA:150,576
DA:151,576
FN:157,CollectiveCrowdfund.updateOnlyDelegate
FNDA:6,CollectiveCrowdfund.updateOnlyDelegate
DA:159,6
BRDA:159,5,0,5
BRDA:159,5,1,1
DA:160,1
DA:163,5
BRDA:163,6,0,4
BRDA:163,6,1,1
DA:164,1
DA:166,4
FN:171,CollectiveCrowdfund.claimUnusedContribution
FNDA:17,CollectiveCrowdfund.claimUnusedContribution
DA:173,17
BRDA:173,7,0,16
BRDA:173,7,1,1
DA:174,1
DA:177,16
DA:179,16
BRDA:179,8,0,9
BRDA:179,8,1,-
DA:180,9
BRDA:180,9,0,9
BRDA:180,9,1,-
DA:181,0
DA:184,7
BRDA:184,10,0,6
BRDA:184,10,1,1
DA:185,1
DA:188,15
BRDA:188,11,0,13
BRDA:188,11,1,2
DA:189,2
DA:192,13
DA:194,13
BRDA:194,12,0,11
BRDA:194,12,1,2
DA:195,2
DA:198,11
DA:199,11
DA:200,11
FN:206,CollectiveCrowdfund.transferUnusedContribution
FNDA:17,CollectiveCrowdfund.transferUnusedContribution
DA:209,17
BRDA:209,13,0,16
BRDA:209,13,1,1
DA:210,1
DA:213,16
DA:215,16
BRDA:215,14,0,3
BRDA:215,14,1,-
DA:216,3
BRDA:216,15,0,3
BRDA:216,15,1,-
DA:217,0
DA:220,13
BRDA:220,16,0,12
BRDA:220,16,1,1
DA:221,1
DA:225,3
DA:226,15
BRDA:226,17,0,15
BRDA:226,17,1,-
DA:227,1
DA:231,14
BRDA:231,18,0,14
BRDA:231,18,1,-
DA:232,1
DA:235,13
BRDA:235,19,0,11
BRDA:235,19,1,2
DA:236,2
DA:239,11
DA:242,11
BRDA:242,20,0,10
BRDA:242,20,1,1
DA:243,1
DA:246,10
DA:247,10
DA:249,10
BRDA:249,21,0,1
BRDA:249,21,1,1
DA:250,3
DA:252,3
BRDA:252,22,0,1
BRDA:252,22,1,1
DA:254,2
BRDA:254,23,0,1
BRDA:254,23,1,1
DA:255,1
DA:256,1
DA:257,1
DA:261,1
DA:263,1
DA:268,1
DA:269,1
DA:274,7
DA:276,7
BRDA:276,24,0,2
BRDA:276,24,1,5
DA:277,2
DA:279,2
DA:282,5
BRDA:282,25,0,4
BRDA:282,25,1,1
DA:283,4
DA:284,4
DA:285,4
DA:288,1
BRDA:288,26,0,-
BRDA:288,26,1,1
DA:289,1
DA:290,1
FN:296,CollectiveCrowdfund._transferContributionToCollective
FNDA:8,CollectiveCrowdfund._transferContributionToCollective
DA:297,8
DA:298,8
DA:299,8
BRDA:299,27,0,-
BRDA:299,27,1,-
DA:300,8
FN:303,CollectiveCrowdfund._contribute
FNDA:777,CollectiveCrowdfund._contribute
DA:309,777
BRDA:309,28,0,776
BRDA:309,28,1,1
DA:310,1
DA:313,776
BRDA:313,29,0,775
BRDA:313,29,1,1
DA:314,1
DA:319,775
DA:320,775
BRDA:320,30,0,772
BRDA:320,30,1,3
DA:321,3
DA:326,772
DA:335,772
DA:336,772
DA:337,772
BRDA:337,31,0,10
BRDA:337,31,1,10
DA:339,22
BRDA:339,32,0,21
BRDA:339,32,1,1
DA:340,1
DA:344,21
DA:345,21
BRDA:345,33,0,20
BRDA:345,33,1,1
DA:346,1
DA:349,20
DA:352,20
DA:354,20
DA:356,20
DA:359,20
DA:361,20
BRDA:361,34,0,10
BRDA:361,34,1,10
DA:362,10
DA:363,10
DA:364,10
DA:370,750
BRDA:370,35,0,748
BRDA:370,35,1,2
DA:371,1
DA:374,748
DA:377,748
BRDA:377,36,0,748
BRDA:377,36,1,24
DA:384,24
DA:387,748
DA:390,748
DA:391,748
DA:394,10
FN:403,CollectiveCrowdfund._assertIsContributor
FNDA:837,CollectiveCrowdfund._assertIsContributor
DA:404,837
FN:410,CollectiveCrowdfund._createCollectiveAndTransferNFT
FNDA:16,CollectiveCrowdfund._createCollectiveAndTransferNFT
DA:415,16
DA:427,16
FN:430,CollectiveCrowdfund._getFinalContribution
FNDA:90,CollectiveCrowdfund._getFinalContribution
DA:433,90
DA:435,90
DA:436,90
DA:437,90
DA:438,94
DA:439,94
BRDA:439,37,0,31
BRDA:439,37,1,63
DA:441,31
DA:442,63
BRDA:442,38,0,53
BRDA:442,38,1,10
DA:444,53
DA:447,10
DA:448,10
DA:449,10
DA:454,90
FN:457,CollectiveCrowdfund._claimLeftAmount
FNDA:5,CollectiveCrowdfund._claimLeftAmount
DA:459,5
DA:460,5
DA:461,5
FN:471,CollectiveCrowdfund._updateDelegate
FNDA:24,CollectiveCrowdfund._updateDelegate
DA:473,24
DA:476,24
BRDA:476,39,0,14
BRDA:476,39,1,10
DA:477,10
DA:480,14
DA:481,14
DA:487,14
BRDA:487,40,0,4
BRDA:487,40,1,10
DA:492,4
DA:498,10
BRDA:498,41,0,2
BRDA:498,41,1,8
DA:503,2
DA:516,8
BRDA:516,42,0,2
BRDA:516,42,1,6
DA:518,2
DA:520,2
DA:526,6
DA:532,14
DA:534,14
FN:537,CollectiveCrowdfund._getCollectiveFactory
FNDA:16,CollectiveCrowdfund._getCollectiveFactory
DA:538,16
FNF:15
FNH:15
LF:162
LH:160
BRF:86
BRH:76
end_of_record
TN:
SF:contracts/crowdfund/CollectiveCrowdfundFactory.sol
FN:31,CollectiveCrowdfundFactory.createSingleNFTCrowdfund
FNDA:281,CollectiveCrowdfundFactory.createSingleNFTCrowdfund
DA:34,281
DA:42,281
FN:49,CollectiveCrowdfundFactory.createCollectionNFTCrowdfund
FNDA:1566,CollectiveCrowdfundFactory.createCollectionNFTCrowdfund
DA:52,1566
DA:60,286
FNF:2
FNH:2
LF:4
LH:4
BRF:0
BRH:0
end_of_record
TN:
SF:contracts/crowdfund/SingleNFTCrowdfund.sol
FN:53,SingleNFTCrowdfund.initialize
FNDA:283,SingleNFTCrowdfund.initialize
DA:55,283
DA:56,283
DA:67,283
DA:68,283
FN:77,SingleNFTCrowdfund.buy
FNDA:16,SingleNFTCrowdfund.buy
DA:83,16
DA:85,16
BRDA:85,0,0,13
BRDA:85,0,1,3
DA:86,3
DA:89,13
BRDA:89,1,0,10
BRDA:89,1,1,3
DA:90,3
DA:93,10
DA:98,10
DA:99,10
BRDA:99,2,0,9
BRDA:99,2,1,1
DA:100,1
DA:104,9
DA:105,9
DA:106,9
FN:115,SingleNFTCrowdfund.getCrowdfundLifecycle
FNDA:746,SingleNFTCrowdfund.getCrowdfundLifecycle
DA:117,746
BRDA:117,3,0,38
BRDA:117,3,1,1
DA:118,39
DA:119,39
DA:123,707
BRDA:123,4,0,685
BRDA:123,4,1,22
DA:126,22
DA:128,685
FN:132,SingleNFTCrowdfund.isEligibleToBuyNFT
FNDA:30,SingleNFTCrowdfund.isEligibleToBuyNFT
DA:133,30
BRDA:133,5,0,22
BRDA:133,5,1,8
DA:134,22
DA:136,8
BRDA:136,6,0,1
BRDA:136,6,1,7
DA:137,1
DA:139,7
FN:143,SingleNFTCrowdfund._isCallAllowed
FNDA:16,SingleNFTCrowdfund._isCallAllowed
DA:148,16
BRDA:148,7,0,14
BRDA:148,7,1,2
DA:149,2
DA:151,14
BRDA:151,8,0,-
BRDA:151,8,1,1
DA:153,1
DA:155,0
DA:162,1
DA:163,1
BRDA:161,9,0,-
BRDA:161,9,1,1
DA:165,1
DA:169,13
FN:173,SingleNFTCrowdfund._buyFromOpensea
FNDA:9,SingleNFTCrowdfund._buyFromOpensea
DA:181,9
BRDA:181,10,0,8
BRDA:181,10,1,1
DA:182,9
DA:183,9
BRDA:183,11,0,8
BRDA:183,11,1,1
DA:184,1
DA:188,8
BRDA:188,12,0,7
BRDA:188,12,1,-
DA:191,7
DA:193,7
DA:194,7
DA:195,7
DA:206,7
DA:209,1
FN:214,SingleNFTCrowdfund._getFinalPrice
FNDA:55,SingleNFTCrowdfund._getFinalPrice
DA:215,55
FNF:7
FNH:7
LF:48
LH:47
BRF:26
BRH:23
end_of_record
TN:
SF:contracts/globals/Globals.sol
FN:38,Globals.transferMultiSig
FNDA:0,Globals.transferMultiSig
DA:39,0
FN:42,Globals.acceptMultiSig
FNDA:0,Globals.acceptMultiSig
DA:43,0
DA:44,0
FN:47,Globals.getBytes32
FNDA:0,Globals.getBytes32
DA:48,0
FN:51,Globals.getUint256
FNDA:22,Globals.getUint256
DA:52,22
FN:55,Globals.getBool
FNDA:0,Globals.getBool
DA:56,0
DA:57,0
BRDA:57,0,0,-
BRDA:57,0,1,-
DA:58,0
DA:60,0
FN:63,Globals.getAddress
FNDA:331,Globals.getAddress
DA:64,331
FN:67,Globals.getImplementation
FNDA:2119,Globals.getImplementation
DA:68,2119
FN:71,Globals.getIncludesBytes32
FNDA:0,Globals.getIncludesBytes32
DA:72,0
FN:75,Globals.getIncludesUint256
FNDA:0,Globals.getIncludesUint256
DA:76,0
FN:79,Globals.getIncludesAddress
FNDA:0,Globals.getIncludesAddress
DA:80,0
FN:83,Globals.setBytes32
FNDA:0,Globals.setBytes32
DA:84,0
FN:87,Globals.setUint256
FNDA:0,Globals.setUint256
DA:88,0
FN:91,Globals.setBool
FNDA:0,Globals.setBool
DA:92,0
FN:95,Globals.setAddress
FNDA:0,Globals.setAddress
DA:96,0
FN:99,Globals.setIncludesBytes32
FNDA:0,Globals.setIncludesBytes32
DA:100,0
FN:103,Globals.setIncludesUint256
FNDA:0,Globals.setIncludesUint256
DA:104,0
FN:107,Globals.setIncludesAddress
FNDA:0,Globals.setIncludesAddress
DA:108,0
FNF:17
FNH:3
LF:21
LH:3
BRF:2
BRH:0
end_of_record
TN:
SF:contracts/tokens/ERC721.sol
FN:32,ERC721.ownerOf
FNDA:0,ERC721.ownerOf
DA:33,0
BRDA:33,0,0,-
BRDA:33,0,1,-
FN:36,ERC721.balanceOf
FNDA:0,ERC721.balanceOf
DA:37,0
BRDA:37,1,0,-
BRDA:37,1,1,-
DA:39,0
FN:63,ERC721.approve
FNDA:0,ERC721.approve
DA:64,0
DA:66,0
BRDA:66,2,0,-
BRDA:66,2,1,-
DA:68,0
DA:70,0
FN:73,ERC721.setApprovalForAll
FNDA:0,ERC721.setApprovalForAll
DA:74,0
DA:76,0
FN:79,ERC721.transferFrom
FNDA:0,ERC721.transferFrom
DA:80,0
BRDA:80,3,0,-
BRDA:80,3,1,-
DA:82,0
BRDA:82,4,0,-
BRDA:82,4,1,-
DA:84,0
BRDA:84,5,0,-
BRDA:84,5,1,-
DA:94,0
DA:96,0
DA:99,0
DA:101,0
DA:103,0
FN:106,ERC721.safeTransferFrom
FNDA:0,ERC721.safeTransferFrom
DA:107,0
DA:109,0
BRDA:109,6,0,-
BRDA:109,6,1,-
FN:117,ERC721.safeTransferFrom
FNDA:0,ERC721.safeTransferFrom
DA:123,0
DA:125,0
BRDA:125,7,0,-
BRDA:125,7,1,-
FN:137,ERC721.supportsInterface
FNDA:0,ERC721.supportsInterface
DA:139,0
DA:140,0
DA:141,0
DA:142,0
FN:149,ERC721._mint
FNDA:0,ERC721._mint
DA:150,0
BRDA:150,8,0,-
BRDA:150,8,1,-
DA:152,0
BRDA:152,9,0,-
BRDA:152,9,1,-
DA:156,0
DA:159,0
DA:161,0
FN:164,ERC721._burn
FNDA:0,ERC721._burn
DA:165,0
DA:167,0
BRDA:167,10,0,-
BRDA:167,10,1,-
DA:171,0
DA:174,0
DA:176,0
DA:178,0
FN:185,ERC721._safeMint
FNDA:0,ERC721._safeMint
DA:186,0
DA:188,0
BRDA:188,11,0,-
BRDA:188,11,1,-
FN:196,ERC721._safeMint
FNDA:0,ERC721._safeMint
DA:197,0
DA:199,0
BRDA:199,12,0,-
BRDA:199,12,1,-
FN:211,ERC721TokenReceiver.onERC721Received
FNDA:0,ERC721TokenReceiver.onERC721Received
DA:217,0
FNF:13
FNH:0
LF:41
LH:0
BRF:26
BRH:0
end_of_record
TN:
SF:contracts/tokens/ERC721Receiver.sol
FN:13,ERC721Receiver.onERC721Received
FNDA:32,ERC721Receiver.onERC721Received
DA:19,32
FN:23,ERC721Receiver.supportsInterface
FNDA:0,ERC721Receiver.supportsInterface
DA:24,0
DA:25,0
DA:26,0
FNF:2
FNH:1
LF:4
LH:1
BRF:0
BRH:0
end_of_record
TN:
SF:contracts/utils/EIP165.sol
FN:9,EIP165.supportsInterface
FNDA:0,EIP165.supportsInterface
DA:10,0
FNF:1
FNH:0
LF:1
LH:0
BRF:0
BRH:0
end_of_record
TN:
SF:contracts/utils/EIP712.sol
FN:95,ECDSA._throwError
FNDA:0,ECDSA._throwError
DA:96,0
BRDA:96,0,0,-
BRDA:96,0,1,-
DA:97,0
DA:98,0
BRDA:98,1,0,-
BRDA:98,1,1,-
DA:99,0
DA:100,0
BRDA:100,2,0,-
BRDA:100,2,1,-
DA:101,0
DA:102,0
BRDA:102,3,0,-
BRDA:102,3,1,-
DA:103,0
DA:104,0
BRDA:104,4,0,-
BRDA:104,4,1,-
DA:105,0
FN:129,ECDSA.tryRecover
FNDA:0,ECDSA.tryRecover
DA:133,0
BRDA:133,5,0,-
BRDA:133,5,1,-
DA:134,0
DA:135,0
DA:136,0
DA:140,0
DA:141,0
DA:142,0
DA:144,0
DA:145,0
BRDA:145,6,0,-
BRDA:145,6,1,-
DA:146,0
DA:147,0
DA:151,0
DA:152,0
DA:154,0
DA:156,0
FN:174,ECDSA.recover
FNDA:0,ECDSA.recover
DA:175,0
DA:176,0
DA:177,0
FN:187,ECDSA.tryRecover
FNDA:0,ECDSA.tryRecover
DA:192,0
DA:193,0
DA:194,0
FN:202,ECDSA.recover
FNDA:0,ECDSA.recover
DA:207,0
DA:208,0
DA:209,0
FN:218,ECDSA.tryRecover
FNDA:0,ECDSA.tryRecover
DA:233,0
BRDA:233,7,0,-
BRDA:233,7,1,-
DA:234,0
DA:236,0
BRDA:236,8,0,-
BRDA:236,8,1,-
DA:237,0
DA:241,0
DA:242,0
BRDA:242,9,0,-
BRDA:242,9,1,-
DA:243,0
DA:246,0
FN:253,ECDSA.recover
FNDA:0,ECDSA.recover
DA:259,0
DA:260,0
DA:261,0
FN:272,ECDSA.toEthSignedMessageHash
FNDA:0,ECDSA.toEthSignedMessageHash
DA:275,0
FN:286,ECDSA.toEthSignedMessageHash
FNDA:0,ECDSA.toEthSignedMessageHash
DA:287,0
FN:299,ECDSA.toTypedDataHash
FNDA:0,ECDSA.toTypedDataHash
DA:300,0
FN:373,EIP712._domainSeparatorV4
FNDA:0,EIP712._domainSeparatorV4
DA:374,0
BRDA:374,0,0,-
BRDA:374,0,1,-
DA:375,0
DA:377,0
FN:381,EIP712._buildDomainSeparator
FNDA:0,EIP712._buildDomainSeparator
DA:386,0
FN:404,EIP712._hashTypedDataV4
FNDA:0,EIP712._hashTypedDataV4
DA:405,0
FN:19,Strings.toString
FNDA:0,Strings.toString
DA:23,0
BRDA:23,0,0,-
BRDA:23,0,1,-
DA:24,0
DA:26,0
DA:27,0
DA:28,0
DA:29,0
DA:30,0
DA:32,0
DA:33,0
DA:34,0
DA:35,0
DA:36,0
DA:38,0
FN:44,Strings.toHexString
FNDA:0,Strings.toHexString
DA:45,0
BRDA:45,1,0,-
BRDA:45,1,1,-
DA:46,0
DA:48,0
DA:49,0
DA:50,0
DA:51,0
DA:52,0
DA:54,0
FN:60,Strings.toHexString
FNDA:0,Strings.toHexString
DA:61,0
DA:62,0
DA:63,0
DA:64,0
DA:65,0
DA:66,0
DA:68,0
BRDA:68,2,0,-
BRDA:68,2,1,-
DA:69,0
FNF:16
FNH:0
LF:82
LH:0
BRF:28
BRH:0
end_of_record
TN:
SF:contracts/utils/LibAddress.sol
FN:8,LibAddress.transferEth
FNDA:0,LibAddress.transferEth
DA:9,0
BRDA:9,0,0,-
BRDA:9,0,1,-
DA:11,0
DA:12,0
BRDA:12,1,0,-
BRDA:12,1,1,-
DA:13,0
FNF:1
FNH:0
LF:4
LH:0
BRF:4
BRH:0
end_of_record
TN:
SF:contracts/utils/LibERC20Compat.sol
FN:13,LibERC20Compat.compatTransfer
FNDA:0,LibERC20Compat.compatTransfer
DA:14,0
DA:17,0
BRDA:17,0,0,-
BRDA:17,0,1,-
DA:18,0
BRDA:18,1,0,-
BRDA:18,1,1,-
DA:19,0
DA:21,0
DA:23,0
BRDA:23,2,0,-
BRDA:23,2,1,-
DA:24,0
DA:26,0
DA:28,0
BRDA:28,3,0,-
BRDA:28,3,1,-
DA:29,0
DA:32,0
FN:36,LibERC20Compat.compatTransferFrom
FNDA:0,LibERC20Compat.compatTransferFrom
DA:37,0
DA:40,0
BRDA:40,4,0,-
BRDA:40,4,1,-
DA:41,0
BRDA:41,5,0,-
BRDA:41,5,1,-
DA:42,0
DA:44,0
DA:46,0
BRDA:46,6,0,-
BRDA:46,6,1,-
DA:47,0
DA:49,0
DA:51,0
BRDA:51,7,0,-
BRDA:51,7,1,-
DA:52,0
DA:55,0
FNF:2
FNH:0
LF:22
LH:0
BRF:16
BRH:0
end_of_record
TN:
SF:contracts/utils/LibRawResult.sol
FN:6,LibRawResult.rawRevert
FNDA:0,LibRawResult.rawRevert
FN:13,LibRawResult.rawReturn
FNDA:0,LibRawResult.rawReturn
FNF:2
FNH:0
LF:0
LH:0
BRF:0
BRH:0
end_of_record
TN:
SF:contracts/utils/LibSafeCast.sol
FN:12,LibSafeCast.safeCastUint256ToUint96
FNDA:0,LibSafeCast.safeCastUint256ToUint96
DA:13,0
BRDA:13,0,0,-
BRDA:13,0,1,-
DA:14,0
DA:16,0
FN:19,LibSafeCast.safeCastUint256ToUint128
FNDA:0,LibSafeCast.safeCastUint256ToUint128
DA:20,0
BRDA:20,1,0,-
BRDA:20,1,1,-
DA:21,0
DA:23,0
FN:26,LibSafeCast.safeCastUint256ToInt192
FNDA:0,LibSafeCast.safeCastUint256ToInt192
DA:27,0
BRDA:27,2,0,-
BRDA:27,2,1,-
DA:28,0
DA:30,0
FN:33,LibSafeCast.safeCastUint96ToInt192
FNDA:0,LibSafeCast.safeCastUint96ToInt192
DA:34,0
FN:37,LibSafeCast.safeCastInt192ToUint96
FNDA:0,LibSafeCast.safeCastInt192ToUint96
DA:38,0
BRDA:38,3,0,-
BRDA:38,3,1,-
DA:39,0
DA:41,0
FN:44,LibSafeCast.safeCastUint256ToInt128
FNDA:0,LibSafeCast.safeCastUint256ToInt128
DA:45,0
BRDA:45,4,0,-
BRDA:45,4,1,-
DA:46,0
DA:48,0
FN:51,LibSafeCast.safeCastUint256ToUint40
FNDA:0,LibSafeCast.safeCastUint256ToUint40
DA:52,0
BRDA:52,5,0,-
BRDA:52,5,1,-
DA:53,0
DA:55,0
FNF:7
FNH:0
LF:19
LH:0
BRF:12
BRH:0
end_of_record
TN:
SF:contracts/utils/LibSafeERC721.sol
FN:16,LibSafeERC721.safeOwnerOf
FNDA:0,LibSafeERC721.safeOwnerOf
DA:17,0
DA:21,0
BRDA:21,0,0,-
BRDA:21,0,1,-
DA:22,0
DA:25,0
FNF:1
FNH:0
LF:4
LH:0
BRF:2
BRH:0
end_of_record
TN:
SF:contracts/utils/Multicall.sol
FN:10,Multicall.multicall
FNDA:0,Multicall.multicall
DA:11,0
DA:12,0
DA:13,0
BRDA:13,0,0,-
BRDA:13,0,1,-
DA:14,0
FNF:1
FNH:0
LF:4
LH:0
BRF:2
BRH:0
end_of_record
TN:
SF:contracts/utils/Proxy.sol
FN:25,Proxy.
FNDA:5546,Proxy.
DA:26,5546
DA:31,0
BRDA:31,0,0,-
FNF:1
FNH:1
LF:2
LH:1
BRF:1
BRH:0
end_of_record
TN:
SF:contracts/utils/ReadOnlyDelegateCall.sol
FN:16,ReadOnlyDelegateCall.delegateCallAndRevert
FNDA:0,ReadOnlyDelegateCall.delegateCallAndRevert
DA:18,0
BRDA:18,0,0,-
BRDA:18,0,1,-
DA:19,0
DA:21,0
FN:25,ReadOnlyDelegateCall._readOnlyDelegateCall
FNDA:0,ReadOnlyDelegateCall._readOnlyDelegateCall
DA:26,0
FNF:2
FNH:0
LF:4
LH:0
BRF:2
BRH:0
end_of_record
TN:
SF:contracts/utils/ReentrancyGuard.sol
FN:61,ReentrancyGuard._nonReentrantBefore
FNDA:46,ReentrancyGuard._nonReentrantBefore
DA:63,46
BRDA:63,0,0,46
BRDA:63,0,1,-
DA:64,0
DA:68,46
FN:71,ReentrancyGuard._nonReentrantAfter
FNDA:28,ReentrancyGuard._nonReentrantAfter
DA:74,28
FN:81,ReentrancyGuard._reentrancyGuardEntered
FNDA:0,ReentrancyGuard._reentrancyGuardEntered
DA:82,0
FNF:3
FNH:2
LF:5
LH:3
BRF:2
BRH:1
end_of_record
TN:
SF:sol-tests/DummyERC20.sol
FN:15,DummyERC20.deal
FNDA:0,DummyERC20.deal
DA:16,0
FN:19,DummyERC20.approve
FNDA:0,DummyERC20.approve
DA:20,0
DA:22,0
DA:24,0
FN:27,DummyERC20.transfer
FNDA:0,DummyERC20.transfer
DA:28,0
DA:33,0
DA:36,0
DA:38,0
FN:41,DummyERC20.transferFrom
FNDA:0,DummyERC20.transferFrom
DA:42,0
DA:44,0
BRDA:44,0,0,-
BRDA:44,0,1,-
DA:46,0
DA:51,0
DA:54,0
DA:56,0
FN:59,DummyERC20._mint
FNDA:0,DummyERC20._mint
DA:60,0
DA:65,0
DA:68,0
FNF:5
FNH:0
LF:17
LH:0
BRF:2
BRH:0
end_of_record
TN:
SF:sol-tests/DummyERC721.sol
FN:30,DummyERC721.ownerOf
FNDA:31,DummyERC721.ownerOf
DA:31,31
DA:32,31
BRDA:32,0,0,-
BRDA:32,0,1,-
DA:33,0
FN:36,DummyERC721.supportsInterface
FNDA:0,DummyERC721.supportsInterface
DA:37,0
BRDA:37,1,0,-
BRDA:37,1,1,-
DA:38,0
DA:40,0
BRDA:40,2,0,-
BRDA:40,2,1,-
DA:41,0
DA:43,0
BRDA:43,3,0,-
BRDA:43,3,1,-
DA:44,0
DA:46,0
FN:49,DummyERC721.mint
FNDA:256,DummyERC721.mint
DA:50,256
DA:51,256
DA:52,256
DA:53,256
FN:56,DummyERC721.approve
FNDA:0,DummyERC721.approve
DA:60,0
DA:61,0
FN:64,DummyERC721.setApprovalForAll
FNDA:0,DummyERC721.setApprovalForAll
DA:65,0
DA:66,0
FN:69,DummyERC721.transferFrom
FNDA:0,DummyERC721.transferFrom
DA:70,0
FN:73,DummyERC721.safeTransferFrom
FNDA:16,DummyERC721.safeTransferFrom
DA:74,16
FN:77,DummyERC721.safeTransferFrom
FNDA:32,DummyERC721.safeTransferFrom
DA:83,32
DA:84,32
DA:86,0
DA:88,32
BRDA:88,4,0,32
BRDA:88,4,1,-
DA:89,32
DA:90,32
BRDA:90,5,0,-
BRDA:90,5,1,-
FN:94,DummyERC721._transferFrom
FNDA:32,DummyERC721._transferFrom
DA:99,32
BRDA:99,6,0,-
BRDA:99,6,1,-
DA:100,32
BRDA:100,7,0,-
BRDA:100,7,1,-
DA:101,0
BRDA:101,8,0,-
BRDA:101,8,1,-
DA:102,0
BRDA:102,9,0,-
BRDA:102,9,1,-
DA:105,32
DA:106,32
DA:107,32
DA:108,32
DA:109,32
FNF:9
FNH:5
LF:35
LH:19
BRF:20
BRH:1
end_of_record
TN:
SF:sol-tests/OpenseaTestUtils.sol
FN:28,OpenseaTestUtils._buyOpenseaListing
FNDA:0,OpenseaTestUtils._buyOpenseaListing
DA:29,0
DA:30,0
DA:31,0
FN:37,OpenseaTestUtils._buyOpenseaListing
FNDA:0,OpenseaTestUtils._buyOpenseaListing
DA:42,0
DA:43,0
DA:44,0
DA:46,0
DA:47,0
DA:48,0
FN:54,OpenseaTestUtils._createFullOpenseaOrderParams
FNDA:0,OpenseaTestUtils._createFullOpenseaOrderParams
DA:59,0
DA:60,0
DA:63,0
DA:66,0
DA:67,0
DA:68,0
DA:69,0
DA:70,0
DA:73,0
DA:74,0
DA:75,0
DA:76,0
DA:77,0
DA:78,0
DA:79,0
DA:80,0
DA:81,0
DA:82,0
DA:83,0
DA:85,0
DA:86,0
DA:87,0
DA:88,0
DA:89,0
DA:90,0
FN:93,OpenseaTestUtils._createFullOpenseaOrderParams
FNDA:0,OpenseaTestUtils._createFullOpenseaOrderParams
DA:96,0
FNF:4
FNH:0
LF:35
LH:0
BRF:0
BRH:0
end_of_record
TN:
SF:sol-tests/TestUtils.sol
FN:37,TestUtils._randomBytes32
FNDA:0,TestUtils._randomBytes32
DA:38,0
DA:39,0
FN:42,TestUtils._randomUint256
FNDA:0,TestUtils._randomUint256
DA:43,0
FN:46,TestUtils._randomAddress
FNDA:0,TestUtils._randomAddress
DA:47,0
FN:50,TestUtils._randomRange
FNDA:0,TestUtils._randomRange
DA:51,0
FN:54,TestUtils._toAddressArray
FNDA:0,TestUtils._toAddressArray
DA:55,0
DA:56,0
FN:59,TestUtils._toERC721Array
FNDA:0,TestUtils._toERC721Array
DA:60,0
DA:62,0
FN:66,TestUtils._toUint256Array
FNDA:0,TestUtils._toUint256Array
DA:67,0
DA:68,0
FN:71,TestUtils._expectNonIndexedEmit
FNDA:0,TestUtils._expectNonIndexedEmit
DA:72,0
FN:75,TestUtils._expectEmit0
FNDA:0,TestUtils._expectEmit0
DA:76,0
FN:79,TestUtils._expectEmit1
FNDA:0,TestUtils._expectEmit1
DA:80,0
FN:83,TestUtils._expectEmit2
FNDA:0,TestUtils._expectEmit2
DA:84,0
FN:87,TestUtils._expectEmit3
FNDA:0,TestUtils._expectEmit3
DA:88,0
FNF:12
FNH:0
LF:16
LH:0
BRF:0
BRH:0
end_of_record
TN:
SF:sol-tests/collective/DummyCallTarget.sol
FN:7,DummyCallTarget.getX
FNDA:0,DummyCallTarget.getX
DA:8,0
FN:11,DummyCallTarget.foo
FNDA:0,DummyCallTarget.foo
DA:12,0
FNF:2
FNH:0
LF:2
LH:0
BRF:0
BRH:0
end_of_record
TN:
SF:sol-tests/crowdfund/CollectionNFTCrowdfund.t.sol
FN:884,ReenteringContract.reenter
FNDA:2,ReenteringContract.reenter
DA:885,2
FNF:1
FNH:1
LF:1
LH:1
BRF:0
BRH:0
end_of_record
TN:
SF:sol-tests/crowdfund/SingleNFTCrowdfund.t.sol
FN:862,ReenteringContract.reenter
FNDA:0,ReenteringContract.reenter
DA:863,0
FNF:1
FNH:0
LF:1
LH:0
BRF:0
BRH:0
end_of_record
TN:
SF:sol-tests/crowdfund/TestERC721Vault.sol
FN:9,TestERC721Vault.mint
FNDA:0,TestERC721Vault.mint
DA:10,0
FN:13,TestERC721Vault.claim
FNDA:16,TestERC721Vault.claim
DA:14,16
FN:17,TestERC721Vault.checkOwner
FNDA:11,TestERC721Vault.checkOwner
DA:18,11
FN:21,TestERC721Vault.onERC721Received
FNDA:0,TestERC721Vault.onERC721Received
DA:27,0
FNF:4
FNH:2
LF:4
LH:2
BRF:0
BRH:0
end_of_record
TN:
SF:sol-tests/utils/LibSafeERC721.t.sol
FN:11,BadERC721.ownerOf
FNDA:1,BadERC721.ownerOf
FNF:1
FNH:1
LF:0
LH:0
BRF:0
BRH:0
end_of_record
